<?xml version="1.0" encoding="UTF-8"?>
<testng-results skipped="0" failed="0" ignored="0" total="1" passed="1">
  <reporter-output>
  </reporter-output>
  <suite name="Default suite" duration-ms="9779" started-at="2021-06-07T03:38:47Z" finished-at="2021-06-07T03:38:57Z">
    <groups>
    </groups>
    <test name="Default test" duration-ms="9779" started-at="2021-06-07T03:38:47Z" finished-at="2021-06-07T03:38:57Z">
      <class name="Test01_Get">
        <test-method status="PASS" signature="test01()[pri:0, instance:Test01_Get@20e2cbe0]" name="test01" duration-ms="9643" started-at="2021-06-07T03:38:47Z" finished-at="2021-06-07T03:38:57Z">
          <reporter-output>
          </reporter-output>
        </test-method> <!-- test01 -->
      </class> <!-- Test01_Get -->
    </test> <!-- Default test -->
  </suite> <!-- Default suite -->
</testng-results>
