<?xml version="1.0" encoding="UTF-8"?>
<testng-results skipped="0" failed="1" ignored="0" total="4" passed="3">
  <reporter-output>
  </reporter-output>
  <suite name="Default suite" duration-ms="8967" started-at="2021-08-12T12:34:10Z" finished-at="2021-08-12T12:34:19Z">
    <groups>
    </groups>
    <test name="Default test" duration-ms="8967" started-at="2021-08-12T12:34:10Z" finished-at="2021-08-12T12:34:19Z">
      <class name="VerificationofJson">
        <test-method status="PASS" signature="test_APIWithBasicAuthentication_ShouldBeGivenAccess()[pri:0, instance:VerificationofJson@57ad2aa7]" name="test_APIWithBasicAuthentication_ShouldBeGivenAccess" duration-ms="4851" started-at="2021-08-12T12:34:10Z" finished-at="2021-08-12T12:34:15Z">
          <reporter-output>
          </reporter-output>
        </test-method> <!-- test_APIWithBasicAuthentication_ShouldBeGivenAccess -->
        <test-method status="PASS" signature="test_APIWithOAuth2Authentication_ShouldBeGivenAccess()[pri:0, instance:VerificationofJson@57ad2aa7]" name="test_APIWithOAuth2Authentication_ShouldBeGivenAccess" duration-ms="860" started-at="2021-08-12T12:34:15Z" finished-at="2021-08-12T12:34:15Z">
          <reporter-output>
          </reporter-output>
        </test-method> <!-- test_APIWithOAuth2Authentication_ShouldBeGivenAccess -->
        <test-method status="FAIL" signature="test_NumberOfCircuits_ShouldBe20_UsingResponseSpec()[pri:0, instance:VerificationofJson@57ad2aa7]" name="test_NumberOfCircuits_ShouldBe20_UsingResponseSpec" duration-ms="3" started-at="2021-08-12T12:34:15Z" finished-at="2021-08-12T12:34:15Z">
          <exception class="java.lang.Error">
            <message>
              <![CDATA[Unresolved compilation problem: 
The method body(String, ResponseAwareMatcher<Response>) in the type ValidatableResponseOptions<ValidatableResponse,Response> is not applicable for the arguments (String, String)
]]>
            </message>
            <full-stacktrace>
              <![CDATA[java.lang.Error: Unresolved compilation problem: 
The method body(String, ResponseAwareMatcher<Response>) in the type ValidatableResponseOptions<ValidatableResponse,Response> is not applicable for the arguments (String, String)

at VerificationofJson.test_NumberOfCircuits_ShouldBe20_UsingResponseSpec(VerificationofJson.java:217)
at sun.reflect.NativeMethodAccessorImpl.invoke0(Native Method)
at sun.reflect.NativeMethodAccessorImpl.invoke(NativeMethodAccessorImpl.java:62)
at sun.reflect.DelegatingMethodAccessorImpl.invoke(DelegatingMethodAccessorImpl.java:43)
at java.lang.reflect.Method.invoke(Method.java:498)
at org.testng.internal.MethodInvocationHelper.invokeMethod(MethodInvocationHelper.java:124)
at org.testng.internal.Invoker.invokeMethod(Invoker.java:583)
at org.testng.internal.Invoker.invokeTestMethod(Invoker.java:719)
at org.testng.internal.Invoker.invokeTestMethods(Invoker.java:989)
at org.testng.internal.TestMethodWorker.invokeTestMethods(TestMethodWorker.java:125)
at org.testng.internal.TestMethodWorker.run(TestMethodWorker.java:109)
at org.testng.TestRunner.privateRun(TestRunner.java:648)
at org.testng.TestRunner.run(TestRunner.java:505)
at org.testng.SuiteRunner.runTest(SuiteRunner.java:455)
at org.testng.SuiteRunner.runSequentially(SuiteRunner.java:450)
at org.testng.SuiteRunner.privateRun(SuiteRunner.java:415)
at org.testng.SuiteRunner.run(SuiteRunner.java:364)
at org.testng.SuiteRunnerWorker.runSuite(SuiteRunnerWorker.java:52)
at org.testng.SuiteRunnerWorker.run(SuiteRunnerWorker.java:84)
at org.testng.TestNG.runSuitesSequentially(TestNG.java:1208)
at org.testng.TestNG.runSuitesLocally(TestNG.java:1137)
at org.testng.TestNG.runSuites(TestNG.java:1049)
at org.testng.TestNG.run(TestNG.java:1017)
at org.testng.remote.AbstractRemoteTestNG.run(AbstractRemoteTestNG.java:115)
at org.testng.remote.RemoteTestNG.initAndRun(RemoteTestNG.java:251)
at org.testng.remote.RemoteTestNG.main(RemoteTestNG.java:77)
]]>
            </full-stacktrace>
          </exception> <!-- java.lang.Error -->
          <reporter-output>
          </reporter-output>
        </test-method> <!-- test_NumberOfCircuits_ShouldBe20_UsingResponseSpec -->
        <test-method status="PASS" signature="test_ScenarioRetrieveFirstCircuitFor2017SeasonAndGetCountry_ShouldBeAustralia()[pri:0, instance:VerificationofJson@57ad2aa7]" name="test_ScenarioRetrieveFirstCircuitFor2017SeasonAndGetCountry_ShouldBeAustralia" duration-ms="3041" started-at="2021-08-12T12:34:15Z" finished-at="2021-08-12T12:34:18Z">
          <reporter-output>
          </reporter-output>
        </test-method> <!-- test_ScenarioRetrieveFirstCircuitFor2017SeasonAndGetCountry_ShouldBeAustralia -->
      </class> <!-- VerificationofJson -->
    </test> <!-- Default test -->
  </suite> <!-- Default suite -->
</testng-results>
